#! /usr/local/iverilog/bin/vvp
:ivl_version "11.0 (devel)" "(s20150603-642-g3bdb50da)";
:ivl_delay_selection "TYPICAL";
:vpi_time_precision - 9;
:vpi_module "system";
:vpi_module "vhdl_sys";
:vpi_module "vhdl_textio";
:vpi_module "v2005_math";
:vpi_module "va_math";
S_0000000001035c30 .scope module, "nco_tb" "nco_tb" 2 4;
 .timescale -9 -9;
v0000000001023fa0_0 .var "clk", 0 0;
v0000000001024040_0 .var "freq_res", 5 0;
v00000000010240e0_0 .net "out", 7 0, v0000000000ff2f90_0;  1 drivers
v0000000001024180_0 .var "phase", 7 0;
v00000000010903b0_0 .var "rst", 0 0;
S_0000000000ff2d60 .scope module, "nco_inst" "nco" 2 11, 3 1 0, S_0000000001035c30;
 .timescale 0 0;
    .port_info 0 /INPUT 1 "clk";
    .port_info 1 /INPUT 1 "rst";
    .port_info 2 /INPUT 8 "phase";
    .port_info 3 /INPUT 6 "freq_res";
    .port_info 4 /OUTPUT 8 "out";
P_000000000101a3d0 .param/l "LUT_SIZE" 0 3 19, +C4<00000000000000000000000001000000>;
v00000000011bcac0_0 .var "change_phase", 0 0;
v0000000001035dc0_0 .net "clk", 0 0, v0000000001023fa0_0;  1 drivers
v0000000001035e60_0 .net "freq_res", 5 0, v0000000001024040_0;  1 drivers
v0000000000ff2ef0 .array "lut", 63 0, 6 0;
v0000000000ff2f90_0 .var "out", 7 0;
v0000000000ff3030_0 .net "phase", 7 0, v0000000001024180_0;  1 drivers
v0000000000ff30d0_0 .var "phase_acc", 7 0;
v0000000001023dc0_0 .var "phase_inc", 5 0;
v0000000001023e60_0 .var "prev_phase", 7 0;
v0000000001023f00_0 .net "rst", 0 0, v00000000010903b0_0;  1 drivers
E_0000000001019f10 .event posedge, v0000000001035dc0_0;
    .scope S_0000000000ff2d60;
T_0 ;
    %pushi/vec4 0, 0, 8;
    %store/vec4 v0000000001023e60_0, 0, 8;
    %pushi/vec4 0, 0, 1;
    %store/vec4 v00000000011bcac0_0, 0, 1;
    %pushi/vec4 1, 0, 6;
    %store/vec4 v0000000001023dc0_0, 0, 6;
    %pushi/vec4 0, 0, 8;
    %store/vec4 v0000000000ff30d0_0, 0, 8;
    %end;
    .thread T_0;
    .scope S_0000000000ff2d60;
T_1 ;
    %wait E_0000000001019f10;
    %load/vec4 v0000000001023f00_0;
    %flag_set/vec4 8;
    %jmp/0xz  T_1.0, 8;
    %pushi/vec4 0, 0, 8;
    %store/vec4 v0000000001023e60_0, 0, 8;
    %pushi/vec4 1, 0, 6;
    %store/vec4 v0000000001023dc0_0, 0, 6;
    %pushi/vec4 0, 0, 8;
    %store/vec4 v0000000000ff30d0_0, 0, 8;
    %pushi/vec4 0, 0, 1;
    %store/vec4 v00000000011bcac0_0, 0, 1;
    %pushi/vec4 0, 0, 8;
    %store/vec4 v0000000000ff2f90_0, 0, 8;
    %pushi/vec4 0, 0, 7;
    %ix/load 4, 0, 0;
    %flag_set/imm 4, 0;
    %store/vec4a v0000000000ff2ef0, 4, 0;
    %pushi/vec4 3, 0, 7;
    %ix/load 4, 1, 0;
    %flag_set/imm 4, 0;
    %store/vec4a v0000000000ff2ef0, 4, 0;
    %pushi/vec4 6, 0, 7;
    %ix/load 4, 2, 0;
    %flag_set/imm 4, 0;
    %store/vec4a v0000000000ff2ef0, 4, 0;
    %pushi/vec4 9, 0, 7;
    %ix/load 4, 3, 0;
    %flag_set/imm 4, 0;
    %store/vec4a v0000000000ff2ef0, 4, 0;
    %pushi/vec4 12, 0, 7;
    %ix/load 4, 4, 0;
    %flag_set/imm 4, 0;
    %store/vec4a v0000000000ff2ef0, 4, 0;
    %pushi/vec4 15, 0, 7;
    %ix/load 4, 5, 0;
    %flag_set/imm 4, 0;
    %store/vec4a v0000000000ff2ef0, 4, 0;
    %pushi/vec4 18, 0, 7;
    %ix/load 4, 6, 0;
    %flag_set/imm 4, 0;
    %store/vec4a v0000000000ff2ef0, 4, 0;
    %pushi/vec4 22, 0, 7;
    %ix/load 4, 7, 0;
    %flag_set/imm 4, 0;
    %store/vec4a v0000000000ff2ef0, 4, 0;
    %pushi/vec4 25, 0, 7;
    %ix/load 4, 8, 0;
    %flag_set/imm 4, 0;
    %store/vec4a v0000000000ff2ef0, 4, 0;
    %pushi/vec4 28, 0, 7;
    %ix/load 4, 9, 0;
    %flag_set/imm 4, 0;
    %store/vec4a v0000000000ff2ef0, 4, 0;
    %pushi/vec4 31, 0, 7;
    %ix/load 4, 10, 0;
    %flag_set/imm 4, 0;
    %store/vec4a v0000000000ff2ef0, 4, 0;
    %pushi/vec4 34, 0, 7;
    %ix/load 4, 11, 0;
    %flag_set/imm 4, 0;
    %store/vec4a v0000000000ff2ef0, 4, 0;
    %pushi/vec4 37, 0, 7;
    %ix/load 4, 12, 0;
    %flag_set/imm 4, 0;
    %store/vec4a v0000000000ff2ef0, 4, 0;
    %pushi/vec4 40, 0, 7;
    %ix/load 4, 13, 0;
    %flag_set/imm 4, 0;
    %store/vec4a v0000000000ff2ef0, 4, 0;
    %pushi/vec4 43, 0, 7;
    %ix/load 4, 14, 0;
    %flag_set/imm 4, 0;
    %store/vec4a v0000000000ff2ef0, 4, 0;
    %pushi/vec4 46, 0, 7;
    %ix/load 4, 15, 0;
    %flag_set/imm 4, 0;
    %store/vec4a v0000000000ff2ef0, 4, 0;
    %pushi/vec4 49, 0, 7;
    %ix/load 4, 16, 0;
    %flag_set/imm 4, 0;
    %store/vec4a v0000000000ff2ef0, 4, 0;
    %pushi/vec4 52, 0, 7;
    %ix/load 4, 17, 0;
    %flag_set/imm 4, 0;
    %store/vec4a v0000000000ff2ef0, 4, 0;
    %pushi/vec4 55, 0, 7;
    %ix/load 4, 18, 0;
    %flag_set/imm 4, 0;
    %store/vec4a v0000000000ff2ef0, 4, 0;
    %pushi/vec4 57, 0, 7;
    %ix/load 4, 19, 0;
    %flag_set/imm 4, 0;
    %store/vec4a v0000000000ff2ef0, 4, 0;
    %pushi/vec4 60, 0, 7;
    %ix/load 4, 20, 0;
    %flag_set/imm 4, 0;
    %store/vec4a v0000000000ff2ef0, 4, 0;
    %pushi/vec4 63, 0, 7;
    %ix/load 4, 21, 0;
    %flag_set/imm 4, 0;
    %store/vec4a v0000000000ff2ef0, 4, 0;
    %pushi/vec4 66, 0, 7;
    %ix/load 4, 22, 0;
    %flag_set/imm 4, 0;
    %store/vec4a v0000000000ff2ef0, 4, 0;
    %pushi/vec4 68, 0, 7;
    %ix/load 4, 23, 0;
    %flag_set/imm 4, 0;
    %store/vec4a v0000000000ff2ef0, 4, 0;
    %pushi/vec4 71, 0, 7;
    %ix/load 4, 24, 0;
    %flag_set/imm 4, 0;
    %store/vec4a v0000000000ff2ef0, 4, 0;
    %pushi/vec4 74, 0, 7;
    %ix/load 4, 25, 0;
    %flag_set/imm 4, 0;
    %store/vec4a v0000000000ff2ef0, 4, 0;
    %pushi/vec4 76, 0, 7;
    %ix/load 4, 26, 0;
    %flag_set/imm 4, 0;
    %store/vec4a v0000000000ff2ef0, 4, 0;
    %pushi/vec4 79, 0, 7;
    %ix/load 4, 27, 0;
    %flag_set/imm 4, 0;
    %store/vec4a v0000000000ff2ef0, 4, 0;
    %pushi/vec4 81, 0, 7;
    %ix/load 4, 28, 0;
    %flag_set/imm 4, 0;
    %store/vec4a v0000000000ff2ef0, 4, 0;
    %pushi/vec4 84, 0, 7;
    %ix/load 4, 29, 0;
    %flag_set/imm 4, 0;
    %store/vec4a v0000000000ff2ef0, 4, 0;
    %pushi/vec4 86, 0, 7;
    %ix/load 4, 30, 0;
    %flag_set/imm 4, 0;
    %store/vec4a v0000000000ff2ef0, 4, 0;
    %pushi/vec4 88, 0, 7;
    %ix/load 4, 31, 0;
    %flag_set/imm 4, 0;
    %store/vec4a v0000000000ff2ef0, 4, 0;
    %pushi/vec4 90, 0, 7;
    %ix/load 4, 32, 0;
    %flag_set/imm 4, 0;
    %store/vec4a v0000000000ff2ef0, 4, 0;
    %pushi/vec4 93, 0, 7;
    %ix/load 4, 33, 0;
    %flag_set/imm 4, 0;
    %store/vec4a v0000000000ff2ef0, 4, 0;
    %pushi/vec4 95, 0, 7;
    %ix/load 4, 34, 0;
    %flag_set/imm 4, 0;
    %store/vec4a v0000000000ff2ef0, 4, 0;
    %pushi/vec4 97, 0, 7;
    %ix/load 4, 35, 0;
    %flag_set/imm 4, 0;
    %store/vec4a v0000000000ff2ef0, 4, 0;
    %pushi/vec4 99, 0, 7;
    %ix/load 4, 36, 0;
    %flag_set/imm 4, 0;
    %store/vec4a v0000000000ff2ef0, 4, 0;
    %pushi/vec4 101, 0, 7;
    %ix/load 4, 37, 0;
    %flag_set/imm 4, 0;
    %store/vec4a v0000000000ff2ef0, 4, 0;
    %pushi/vec4 103, 0, 7;
    %ix/load 4, 38, 0;
    %flag_set/imm 4, 0;
    %store/vec4a v0000000000ff2ef0, 4, 0;
    %pushi/vec4 104, 0, 7;
    %ix/load 4, 39, 0;
    %flag_set/imm 4, 0;
    %store/vec4a v0000000000ff2ef0, 4, 0;
    %pushi/vec4 106, 0, 7;
    %ix/load 4, 40, 0;
    %flag_set/imm 4, 0;
    %store/vec4a v0000000000ff2ef0, 4, 0;
    %pushi/vec4 108, 0, 7;
    %ix/load 4, 41, 0;
    %flag_set/imm 4, 0;
    %store/vec4a v0000000000ff2ef0, 4, 0;
    %pushi/vec4 109, 0, 7;
    %ix/load 4, 42, 0;
    %flag_set/imm 4, 0;
    %store/vec4a v0000000000ff2ef0, 4, 0;
    %pushi/vec4 111, 0, 7;
    %ix/load 4, 43, 0;
    %flag_set/imm 4, 0;
    %store/vec4a v0000000000ff2ef0, 4, 0;
    %pushi/vec4 113, 0, 7;
    %ix/load 4, 44, 0;
    %flag_set/imm 4, 0;
    %store/vec4a v0000000000ff2ef0, 4, 0;
    %pushi/vec4 114, 0, 7;
    %ix/load 4, 45, 0;
    %flag_set/imm 4, 0;
    %store/vec4a v0000000000ff2ef0, 4, 0;
    %pushi/vec4 115, 0, 7;
    %ix/load 4, 46, 0;
    %flag_set/imm 4, 0;
    %store/vec4a v0000000000ff2ef0, 4, 0;
    %pushi/vec4 117, 0, 7;
    %ix/load 4, 47, 0;
    %flag_set/imm 4, 0;
    %store/vec4a v0000000000ff2ef0, 4, 0;
    %pushi/vec4 118, 0, 7;
    %ix/load 4, 48, 0;
    %flag_set/imm 4, 0;
    %store/vec4a v0000000000ff2ef0, 4, 0;
    %pushi/vec4 119, 0, 7;
    %ix/load 4, 49, 0;
    %flag_set/imm 4, 0;
    %store/vec4a v0000000000ff2ef0, 4, 0;
    %pushi/vec4 120, 0, 7;
    %ix/load 4, 50, 0;
    %flag_set/imm 4, 0;
    %store/vec4a v0000000000ff2ef0, 4, 0;
    %pushi/vec4 121, 0, 7;
    %ix/load 4, 51, 0;
    %flag_set/imm 4, 0;
    %store/vec4a v0000000000ff2ef0, 4, 0;
    %pushi/vec4 122, 0, 7;
    %ix/load 4, 52, 0;
    %flag_set/imm 4, 0;
    %store/vec4a v0000000000ff2ef0, 4, 0;
    %pushi/vec4 123, 0, 7;
    %ix/load 4, 53, 0;
    %flag_set/imm 4, 0;
    %store/vec4a v0000000000ff2ef0, 4, 0;
    %pushi/vec4 123, 0, 7;
    %ix/load 4, 54, 0;
    %flag_set/imm 4, 0;
    %store/vec4a v0000000000ff2ef0, 4, 0;
    %pushi/vec4 124, 0, 7;
    %ix/load 4, 55, 0;
    %flag_set/imm 4, 0;
    %store/vec4a v0000000000ff2ef0, 4, 0;
    %pushi/vec4 125, 0, 7;
    %ix/load 4, 56, 0;
    %flag_set/imm 4, 0;
    %store/vec4a v0000000000ff2ef0, 4, 0;
    %pushi/vec4 125, 0, 7;
    %ix/load 4, 57, 0;
    %flag_set/imm 4, 0;
    %store/vec4a v0000000000ff2ef0, 4, 0;
    %pushi/vec4 126, 0, 7;
    %ix/load 4, 58, 0;
    %flag_set/imm 4, 0;
    %store/vec4a v0000000000ff2ef0, 4, 0;
    %pushi/vec4 126, 0, 7;
    %ix/load 4, 59, 0;
    %flag_set/imm 4, 0;
    %store/vec4a v0000000000ff2ef0, 4, 0;
    %pushi/vec4 126, 0, 7;
    %ix/load 4, 60, 0;
    %flag_set/imm 4, 0;
    %store/vec4a v0000000000ff2ef0, 4, 0;
    %pushi/vec4 126, 0, 7;
    %ix/load 4, 61, 0;
    %flag_set/imm 4, 0;
    %store/vec4a v0000000000ff2ef0, 4, 0;
    %pushi/vec4 126, 0, 7;
    %ix/load 4, 62, 0;
    %flag_set/imm 4, 0;
    %store/vec4a v0000000000ff2ef0, 4, 0;
    %pushi/vec4 127, 0, 7;
    %ix/load 4, 63, 0;
    %flag_set/imm 4, 0;
    %store/vec4a v0000000000ff2ef0, 4, 0;
    %jmp T_1.1;
T_1.0 ;
    %load/vec4 v0000000000ff30d0_0;
    %parti/s 2, 6, 4;
    %cmpi/e 0, 0, 2;
    %jmp/0xz  T_1.2, 4;
    %pushi/vec4 1, 0, 1;
    %load/vec4 v0000000000ff30d0_0;
    %parti/s 6, 0, 2;
    %pad/u 8;
    %ix/vec4 4;
    %load/vec4a v0000000000ff2ef0, 4;
    %concat/vec4; draw_concat_vec4
    %assign/vec4 v0000000000ff2f90_0, 0;
T_1.2 ;
    %load/vec4 v0000000000ff30d0_0;
    %parti/s 2, 6, 4;
    %cmpi/e 1, 0, 2;
    %jmp/0xz  T_1.4, 4;
    %pushi/vec4 1, 0, 1;
    %load/vec4 v0000000000ff30d0_0;
    %parti/s 6, 0, 2;
    %inv;
    %pad/u 8;
    %ix/vec4 4;
    %load/vec4a v0000000000ff2ef0, 4;
    %concat/vec4; draw_concat_vec4
    %assign/vec4 v0000000000ff2f90_0, 0;
T_1.4 ;
    %load/vec4 v0000000000ff30d0_0;
    %parti/s 2, 6, 4;
    %cmpi/e 2, 0, 2;
    %jmp/0xz  T_1.6, 4;
    %pushi/vec4 0, 0, 1;
    %load/vec4 v0000000000ff30d0_0;
    %parti/s 6, 0, 2;
    %pad/u 8;
    %ix/vec4 4;
    %load/vec4a v0000000000ff2ef0, 4;
    %inv;
    %concat/vec4; draw_concat_vec4
    %assign/vec4 v0000000000ff2f90_0, 0;
T_1.6 ;
    %load/vec4 v0000000000ff30d0_0;
    %parti/s 2, 6, 4;
    %cmpi/e 3, 0, 2;
    %jmp/0xz  T_1.8, 4;
    %pushi/vec4 0, 0, 1;
    %load/vec4 v0000000000ff30d0_0;
    %parti/s 6, 0, 2;
    %inv;
    %pad/u 8;
    %ix/vec4 4;
    %load/vec4a v0000000000ff2ef0, 4;
    %inv;
    %concat/vec4; draw_concat_vec4
    %assign/vec4 v0000000000ff2f90_0, 0;
T_1.8 ;
    %load/vec4 v0000000001035e60_0;
    %assign/vec4 v0000000001023dc0_0, 0;
    %load/vec4 v0000000000ff3030_0;
    %assign/vec4 v0000000001023e60_0, 0;
    %load/vec4 v0000000000ff3030_0;
    %load/vec4 v0000000001023e60_0;
    %cmp/ne;
    %jmp/0xz  T_1.10, 4;
    %pushi/vec4 1, 0, 1;
    %assign/vec4 v00000000011bcac0_0, 0;
T_1.10 ;
    %load/vec4 v00000000011bcac0_0;
    %flag_set/vec4 8;
    %jmp/0xz  T_1.12, 8;
    %load/vec4 v0000000001023e60_0;
    %assign/vec4 v0000000000ff30d0_0, 0;
    %pushi/vec4 0, 0, 1;
    %assign/vec4 v00000000011bcac0_0, 0;
    %jmp T_1.13;
T_1.12 ;
    %load/vec4 v0000000000ff30d0_0;
    %pushi/vec4 0, 0, 2;
    %load/vec4 v0000000001023dc0_0;
    %concat/vec4; draw_concat_vec4
    %add;
    %assign/vec4 v0000000000ff30d0_0, 0;
T_1.13 ;
T_1.1 ;
    %jmp T_1;
    .thread T_1;
    .scope S_0000000001035c30;
T_2 ;
    %pushi/vec4 0, 0, 1;
    %store/vec4 v0000000001023fa0_0, 0, 1;
    %pushi/vec4 0, 0, 1;
    %store/vec4 v00000000010903b0_0, 0, 1;
    %pushi/vec4 0, 0, 8;
    %store/vec4 v0000000001024180_0, 0, 8;
    %end;
    .thread T_2;
    .scope S_0000000001035c30;
T_3 ;
    %delay 5, 0;
    %load/vec4 v0000000001023fa0_0;
    %inv;
    %assign/vec4 v0000000001023fa0_0, 0;
    %jmp T_3;
    .thread T_3;
    .scope S_0000000001035c30;
T_4 ;
    %vpi_call 2 25 "$dumpfile", "out.vcd" {0 0 0};
    %vpi_call 2 26 "$dumpvars", 32'sb00000000000000000000000000000000, S_0000000001035c30 {0 0 0};
    %pushi/vec4 1, 0, 1;
    %store/vec4 v00000000010903b0_0, 0, 1;
    %pushi/vec4 1, 0, 6;
    %store/vec4 v0000000001024040_0, 0, 6;
    %delay 10, 0;
    %pushi/vec4 0, 0, 1;
    %store/vec4 v00000000010903b0_0, 0, 1;
    %delay 1000000, 0;
    %vpi_call 2 48 "$finish" {0 0 0};
    %end;
    .thread T_4;
# The file index is used to find the file name in the following table.
:file_names 4;
    "N/A";
    "<interactive>";
    "nco_tb.v";
    "./nco.v";
